\BOOKMARK [0][-]{chapter.1}{\376\377\000I\000n\000t\000r\000o\000d\000u\000c\000t\000i\000o\000n}{}% 1
\BOOKMARK [1][-]{section.1.1}{\376\377\000M\000o\000t\000i\000v\000a\000t\000i\000o\000n}{chapter.1}% 2
\BOOKMARK [1][-]{section.1.2}{\376\377\000O\000b\000j\000e\000c\000t\000i\000v\000e\000s}{chapter.1}% 3
\BOOKMARK [1][-]{section.1.3}{\376\377\000C\000o\000n\000t\000r\000i\000b\000u\000t\000i\000o\000n\000s}{chapter.1}% 4
\BOOKMARK [1][-]{section.1.4}{\376\377\000C\000h\000a\000l\000l\000e\000n\000g\000e\000s}{chapter.1}% 5
\BOOKMARK [1][-]{section.1.5}{\376\377\000C\000l\000i\000n\000i\000c\000a\000l\000\040\000F\000o\000u\000n\000d\000a\000t\000i\000o\000n\000s\000\040\000a\000n\000d\000\040\000I\000m\000a\000g\000i\000n\000g\000\040\000A\000r\000t\000i\000f\000a\000c\000t\000s}{chapter.1}% 6
\BOOKMARK [1][-]{section.1.6}{\376\377\000P\000a\000t\000h\000o\000l\000o\000g\000y\000\040\000B\000i\000o\000m\000a\000r\000k\000e\000r\000s\000\040\000i\000n\000\040\000F\000u\000n\000d\000u\000s\000\040\000I\000m\000a\000g\000e\000s}{chapter.1}% 7
\BOOKMARK [0][-]{chapter.2}{\376\377\000R\000e\000l\000a\000t\000e\000d\000\040\000W\000o\000r\000k}{}% 8
\BOOKMARK [1][-]{section.2.1}{\376\377\000F\000u\000n\000d\000u\000s\000\040\000I\000m\000a\000g\000e\000\040\000C\000l\000a\000s\000s\000i\000f\000i\000c\000a\000t\000i\000o\000n}{chapter.2}% 9
\BOOKMARK [1][-]{section.2.2}{\376\377\000A\000t\000t\000e\000n\000t\000i\000o\000n\000\040\000M\000e\000c\000h\000a\000n\000i\000s\000m\000s}{chapter.2}% 10
\BOOKMARK [2][-]{subsection.2.2.1}{\376\377\000F\000r\000o\000m\000\040\000S\000E\000\040\000t\000o\000\040\000C\000B\000A\000M\000,\000\040\000B\000A\000M\000,\000\040\000a\000n\000d\000\040\000E\000C\000A}{section.2.2}% 11
\BOOKMARK [2][-]{subsection.2.2.2}{\376\377\000A\000t\000t\000e\000n\000t\000i\000o\000n\000\040\000i\000n\000\040\000M\000e\000d\000i\000c\000a\000l\000\040\000I\000m\000a\000g\000i\000n\000g}{section.2.2}% 12
\BOOKMARK [1][-]{section.2.3}{\376\377\000O\000D\000I\000R\040\023\0005\000K\000\040\000a\000n\000d\000\040\000L\000a\000b\000e\000l\000i\000n\000g}{chapter.2}% 13
\BOOKMARK [1][-]{section.2.4}{\376\377\000S\000t\000a\000t\000e\000\040\000o\000f\000\040\000t\000h\000e\000\040\000A\000r\000t\000\040\000o\000n\000\040\000O\000D\000I\000R\040\023\0005\000K}{chapter.2}% 14
\BOOKMARK [0][-]{chapter.3}{\376\377\000L\000i\000t\000e\000r\000a\000t\000u\000r\000e\000\040\000R\000e\000v\000i\000e\000w}{}% 15
\BOOKMARK [1][-]{section.3.1}{\376\377\000C\000l\000i\000n\000i\000c\000a\000l\000\040\000a\000n\000d\000\040\000M\000o\000d\000a\000l\000i\000t\000y\000\040\000C\000o\000n\000t\000e\000x\000t}{chapter.3}% 16
\BOOKMARK [1][-]{section.3.2}{\376\377\000A\000r\000c\000h\000i\000t\000e\000c\000t\000u\000r\000e\000s\000:\000\040\000C\000N\000N\000s\000,\000\040\000T\000r\000a\000n\000s\000f\000o\000r\000m\000e\000r\000s\000,\000\040\000a\000n\000d\000\040\000A\000t\000t\000e\000n\000t\000i\000o\000n}{chapter.3}% 17
\BOOKMARK [2][-]{subsection.3.2.1}{\376\377\000E\000f\000f\000i\000c\000i\000e\000n\000t\000N\000e\000t\000:\000\040\000W\000o\000r\000k\000i\000n\000g\000\040\000P\000r\000i\000n\000c\000i\000p\000l\000e}{section.3.2}% 18
\BOOKMARK [2][-]{subsection.3.2.2}{\376\377\000E\000f\000f\000i\000c\000i\000e\000n\000t\000N\000e\000t\000\040\000A\000r\000c\000h\000i\000t\000e\000c\000t\000u\000r\000e}{section.3.2}% 19
\BOOKMARK [1][-]{section.3.3}{\376\377\000D\000a\000t\000a\000s\000e\000t\000,\000\040\000L\000a\000b\000e\000l\000\040\000S\000t\000r\000u\000c\000t\000u\000r\000e\000s\000,\000\040\000a\000n\000d\000\040\000E\000v\000a\000l\000u\000a\000t\000i\000o\000n}{chapter.3}% 20
\BOOKMARK [1][-]{section.3.4}{\376\377\000D\000a\000t\000a\000\040\000A\000u\000g\000m\000e\000n\000t\000a\000t\000i\000o\000n\000\040\000a\000n\000d\000\040\000S\000y\000n\000t\000h\000e\000t\000i\000c\000\040\000D\000a\000t\000a}{chapter.3}% 21
\BOOKMARK [1][-]{section.3.5}{\376\377\000E\000x\000p\000l\000a\000i\000n\000a\000b\000i\000l\000i\000t\000y\000\040\000a\000n\000d\000\040\000M\000o\000d\000e\000l\000\040\000I\000n\000t\000e\000r\000p\000r\000e\000t\000a\000t\000i\000o\000n}{chapter.3}% 22
\BOOKMARK [1][-]{section.3.6}{\376\377\000F\000r\000o\000n\000t\000i\000e\000r\000s\000:\000\040\000S\000e\000l\000f\040\023\000S\000u\000p\000e\000r\000v\000i\000s\000e\000d\000\040\000a\000n\000d\000\040\000F\000e\000d\000e\000r\000a\000t\000e\000d\000\040\000L\000e\000a\000r\000n\000i\000n\000g}{chapter.3}% 23
\BOOKMARK [0][-]{chapter.4}{\376\377\000D\000a\000t\000a\000s\000e\000t}{}% 24
\BOOKMARK [1][-]{section.4.1}{\376\377\000O\000D\000I\000R\040\023\0005\000K\000\040\000O\000v\000e\000r\000v\000i\000e\000w}{chapter.4}% 25
\BOOKMARK [1][-]{section.4.2}{\376\377\000L\000a\000b\000e\000l\000\040\000P\000a\000r\000s\000i\000n\000g\000\040\000a\000n\000d\000\040\000H\000y\000p\000e\000r\000t\000e\000n\000s\000i\000o\000n\000\040\000P\000r\000i\000o\000r\000i\000t\000y}{chapter.4}% 26
\BOOKMARK [1][-]{section.4.3}{\376\377\000S\000p\000l\000i\000t\000s\000\040\000a\000n\000d\000\040\000P\000r\000e\000p\000r\000o\000c\000e\000s\000s\000i\000n\000g}{chapter.4}% 27
\BOOKMARK [0][-]{chapter.5}{\376\377\000M\000e\000t\000h\000o\000d\000o\000l\000o\000g\000y}{}% 28
\BOOKMARK [1][-]{section.5.1}{\376\377\000B\000a\000s\000e\000l\000i\000n\000e\000s\000\040\000a\000n\000d\000\040\000A\000r\000c\000h\000i\000t\000e\000c\000t\000u\000r\000e}{chapter.5}% 29
\BOOKMARK [2][-]{subsection.5.1.1}{\376\377\000C\000B\000A\000M\000\040\000D\000e\000t\000a\000i\000l\000s}{section.5.1}% 30
\BOOKMARK [2][-]{subsection.5.1.2}{\376\377\000T\000h\000e\000o\000r\000y\000\040\000o\000f\000\040\000A\000t\000t\000e\000n\000t\000i\000o\000n\000:\000\040\000F\000r\000o\000m\000\040\000T\000o\000k\000e\000n\000s\000\040\000t\000o\000\040\000F\000e\000a\000t\000u\000r\000e\000\040\000M\000a\000p\000s}{section.5.1}% 31
\BOOKMARK [2][-]{subsection.5.1.3}{\376\377\000C\000B\000A\000M\000\040\000F\000o\000r\000m\000u\000l\000a\000t\000i\000o\000n\000\040\000w\000i\000t\000h\000\040\000E\000q\000u\000a\000t\000i\000o\000n\000s}{section.5.1}% 32
\BOOKMARK [2][-]{subsection.5.1.4}{\376\377\000P\000l\000a\000c\000e\000m\000e\000n\000t\000\040\000i\000n\000\040\000E\000f\000f\000i\000c\000i\000e\000n\000t\000N\000e\000t\000\040\000a\000n\000d\000\040\000I\000n\000t\000e\000g\000r\000a\000t\000i\000o\000n\000\040\000S\000t\000r\000a\000t\000e\000g\000y}{section.5.1}% 33
\BOOKMARK [2][-]{subsection.5.1.5}{\376\377\000T\000r\000a\000i\000n\000i\000n\000g\000\040\000S\000t\000a\000b\000i\000l\000i\000t\000y\000\040\000a\000n\000d\000\040\000P\000r\000a\000c\000t\000i\000c\000a\000l\000\040\000N\000o\000t\000e\000s}{section.5.1}% 34
\BOOKMARK [2][-]{subsection.5.1.6}{\376\377\000S\000u\000m\000m\000a\000r\000y\000\040\000o\000f\000\040\000A\000t\000t\000e\000n\000t\000i\000o\000n\000\040\000v\000s\000\040\000C\000B\000A\000M\000\040\000f\000o\000r\000\040\000F\000u\000n\000d\000u\000s\000\040\000I\000m\000a\000g\000e\000s}{section.5.1}% 35
\BOOKMARK [1][-]{section.5.2}{\376\377\000T\000r\000a\000i\000n\000i\000n\000g}{chapter.5}% 36
\BOOKMARK [1][-]{section.5.3}{\376\377\000E\000v\000a\000l\000u\000a\000t\000i\000o\000n}{chapter.5}% 37
\BOOKMARK [0][-]{chapter.6}{\376\377\000E\000x\000p\000e\000r\000i\000m\000e\000n\000t\000a\000l\000\040\000S\000e\000t\000u\000p}{}% 38
\BOOKMARK [1][-]{section.6.1}{\376\377\000E\000n\000v\000i\000r\000o\000n\000m\000e\000n\000t}{chapter.6}% 39
\BOOKMARK [1][-]{section.6.2}{\376\377\000P\000r\000o\000t\000o\000c\000o\000l\000s\000\040\000a\000n\000d\000\040\000R\000e\000p\000r\000o\000d\000u\000c\000i\000b\000i\000l\000i\000t\000y}{chapter.6}% 40
\BOOKMARK [1][-]{section.6.3}{\376\377\000H\000y\000p\000e\000r\000p\000a\000r\000a\000m\000e\000t\000e\000r\000s}{chapter.6}% 41
\BOOKMARK [1][-]{section.6.4}{\376\377\000A\000r\000t\000i\000f\000a\000c\000t\000s}{chapter.6}% 42
\BOOKMARK [0][-]{chapter.7}{\376\377\000R\000e\000s\000u\000l\000t\000s\000\040\000a\000n\000d\000\040\000D\000i\000s\000c\000u\000s\000s\000i\000o\000n}{}% 43
\BOOKMARK [1][-]{section.7.1}{\376\377\000Q\000u\000a\000n\000t\000i\000t\000a\000t\000i\000v\000e\000\040\000C\000o\000m\000p\000a\000r\000i\000s\000o\000n}{chapter.7}% 44
\BOOKMARK [1][-]{section.7.2}{\376\377\000C\000o\000n\000f\000u\000s\000i\000o\000n\000\040\000M\000a\000t\000r\000i\000c\000e\000s}{chapter.7}% 45
\BOOKMARK [1][-]{section.7.3}{\376\377\000C\000u\000r\000v\000e\000s}{chapter.7}% 46
\BOOKMARK [1][-]{section.7.4}{\376\377\000A\000t\000t\000e\000n\000t\000i\000o\000n\000\040\000V\000i\000s\000u\000a\000l\000i\000z\000a\000t\000i\000o\000n\000\040\000a\000n\000d\000\040\000C\000l\000a\000s\000s\000\040\000E\000v\000i\000d\000e\000n\000c\000e}{chapter.7}% 47
\BOOKMARK [0][-]{chapter.8}{\376\377\000C\000o\000n\000c\000l\000u\000s\000i\000o\000n\000\040\000a\000n\000d\000\040\000F\000u\000t\000u\000r\000e\000\040\000W\000o\000r\000k}{}% 48
\BOOKMARK [0][-]{appendix.A}{\376\377\000S\000u\000p\000p\000l\000e\000m\000e\000n\000t\000a\000r\000y\000\040\000N\000a\000r\000r\000a\000t\000i\000v\000e\000\040\000a\000n\000d\000\040\000S\000u\000r\000v\000e\000y\000\040\000D\000e\000t\000a\000i\000l\000s}{}% 49
\BOOKMARK [1][-]{section.A.1}{\376\377\000C\000l\000i\000n\000i\000c\000a\000l\000\040\000F\000o\000u\000n\000d\000a\000t\000i\000o\000n\000s\000\040\000a\000n\000d\000\040\000V\000i\000s\000u\000a\000l\000\040\000B\000i\000o\000m\000a\000r\000k\000e\000r\000s}{appendix.A}% 50
\BOOKMARK [1][-]{section.A.2}{\376\377\000C\000N\000N\000s\000,\000\040\000E\000f\000f\000i\000c\000i\000e\000n\000t\000N\000e\000t\000,\000\040\000a\000n\000d\000\040\000V\000i\000T}{appendix.A}% 51
\BOOKMARK [1][-]{section.A.3}{\376\377\000A\000t\000t\000e\000n\000t\000i\000o\000n\000\040\000M\000e\000c\000h\000a\000n\000i\000s\000m\000s}{appendix.A}% 52
\BOOKMARK [1][-]{section.A.4}{\376\377\000O\000D\000I\000R\040\023\0005\000K\000\040\000L\000a\000n\000d\000s\000c\000a\000p\000e}{appendix.A}% 53
\BOOKMARK [1][-]{section.A.5}{\376\377\000A\000u\000g\000m\000e\000n\000t\000a\000t\000i\000o\000n\000,\000\040\000X\000A\000I\000,\000\040\000S\000S\000L\000\040\000a\000n\000d\000\040\000F\000L}{appendix.A}% 54
